<?xml version="1.0" encoding="UTF-8"?>
<!-- Generated by org.testng.reporters.JUnitReportReporter -->
<testsuite hostname="DEC1458" failures="0" tests="1" name="com.qa.testcases.LoginPageTest" time="8.512" errors="0" timestamp="2023-07-24T22:46:05 IST" skipped="0">
  <testcase classname="com.qa.testcases.LoginPageTest" name="loginTest" time="8.512"/>
  <system-out/>
</testsuite> <!-- com.qa.testcases.LoginPageTest -->
